<?xml version="1.0" encoding="UTF-8"?>
<testng-results ignored="0" total="2" passed="2" failed="0" skipped="0">
  <reporter-output>
  </reporter-output>
  <suite started-at="2020-09-12T12:59:09 IST" name="Suite" finished-at="2020-09-12T13:00:13 IST" duration-ms="63078">
    <groups>
    </groups>
    <test started-at="2020-09-12T12:59:09 IST" name="Test1" finished-at="2020-09-12T12:59:38 IST" duration-ms="28307">
      <class name="TestScripts.Test_ActiTimeLogin">
        <test-method is-config="true" signature="selectBrowser(java.lang.String)[pri:0, instance:TestScripts.Test_ActiTimeLogin@313b2ea6]" started-at="2020-09-12T12:59:09 IST" name="selectBrowser" finished-at="2020-09-12T12:59:13 IST" duration-ms="3977" status="PASS">
          <params>
            <param index="0">
              <value>
                <![CDATA[chrome]]>
              </value>
            </param>
          </params>
          <reporter-output>
          </reporter-output>
        </test-method> <!-- selectBrowser -->
        <test-method is-config="true" signature="launchBrowser()[pri:0, instance:TestScripts.Test_ActiTimeLogin@313b2ea6]" started-at="2020-09-12T12:59:13 IST" name="launchBrowser" finished-at="2020-09-12T12:59:28 IST" duration-ms="14358" status="PASS">
          <reporter-output>
          </reporter-output>
        </test-method> <!-- launchBrowser -->
        <test-method is-config="true" signature="loginActTime()[pri:0, instance:TestScripts.Test_ActiTimeLogin@313b2ea6]" started-at="2020-09-12T12:59:28 IST" name="loginActTime" finished-at="2020-09-12T12:59:29 IST" duration-ms="1098" status="PASS">
          <reporter-output>
          </reporter-output>
        </test-method> <!-- loginActTime -->
        <test-method signature="loginApp()[pri:0, instance:TestScripts.Test_ActiTimeLogin@313b2ea6]" started-at="2020-09-12T12:59:29 IST" name="loginApp" finished-at="2020-09-12T12:59:29 IST" duration-ms="10" status="PASS">
          <reporter-output>
          </reporter-output>
        </test-method> <!-- loginApp -->
        <test-method is-config="true" signature="logoutActiTime()[pri:0, instance:TestScripts.Test_ActiTimeLogin@313b2ea6]" started-at="2020-09-12T12:59:29 IST" name="logoutActiTime" finished-at="2020-09-12T12:59:38 IST" duration-ms="8714" status="PASS">
          <reporter-output>
          </reporter-output>
        </test-method> <!-- logoutActiTime -->
        <test-method is-config="true" signature="closeBrowser()[pri:0, instance:TestScripts.Test_ActiTimeLogin@313b2ea6]" started-at="2020-09-12T12:59:38 IST" name="closeBrowser" finished-at="2020-09-12T12:59:38 IST" duration-ms="80" status="PASS">
          <reporter-output>
          </reporter-output>
        </test-method> <!-- closeBrowser -->
      </class> <!-- TestScripts.Test_ActiTimeLogin -->
    </test> <!-- Test1 -->
    <test started-at="2020-09-12T12:59:38 IST" name="Test2" finished-at="2020-09-12T13:00:13 IST" duration-ms="34717">
      <class name="TestScripts.Test_ActiTimeCheckTitle">
        <test-method is-config="true" signature="selectBrowser(java.lang.String)[pri:0, instance:TestScripts.Test_ActiTimeCheckTitle@28975c28]" started-at="2020-09-12T12:59:38 IST" name="selectBrowser" finished-at="2020-09-12T12:59:42 IST" duration-ms="4269" status="PASS">
          <params>
            <param index="0">
              <value>
                <![CDATA[firefox]]>
              </value>
            </param>
          </params>
          <reporter-output>
          </reporter-output>
        </test-method> <!-- selectBrowser -->
        <test-method is-config="true" signature="launchBrowser()[pri:0, instance:TestScripts.Test_ActiTimeCheckTitle@28975c28]" started-at="2020-09-12T12:59:42 IST" name="launchBrowser" finished-at="2020-09-12T13:00:05 IST" duration-ms="23263" status="PASS">
          <reporter-output>
          </reporter-output>
        </test-method> <!-- launchBrowser -->
        <test-method is-config="true" signature="loginActTime()[pri:0, instance:TestScripts.Test_ActiTimeCheckTitle@28975c28]" started-at="2020-09-12T13:00:05 IST" name="loginActTime" finished-at="2020-09-12T13:00:06 IST" duration-ms="408" status="PASS">
          <reporter-output>
          </reporter-output>
        </test-method> <!-- loginActTime -->
        <test-method signature="LoginToAppCheckTitle()[pri:0, instance:TestScripts.Test_ActiTimeCheckTitle@28975c28]" started-at="2020-09-12T13:00:06 IST" name="LoginToAppCheckTitle" finished-at="2020-09-12T13:00:08 IST" duration-ms="2445" status="PASS">
          <reporter-output>
          </reporter-output>
        </test-method> <!-- LoginToAppCheckTitle -->
        <test-method is-config="true" signature="logoutActiTime()[pri:0, instance:TestScripts.Test_ActiTimeCheckTitle@28975c28]" started-at="2020-09-12T13:00:08 IST" name="logoutActiTime" finished-at="2020-09-12T13:00:12 IST" duration-ms="4313" status="FAIL">
          <exception class="org.openqa.selenium.ElementClickInterceptedException">
            <message>
              <![CDATA[Element <a id="logoutLink" class="logout" href="/logout.do"> is not clickable at point (1478,17) because another element <div id="preInsertedTransformedMoireId" class="transformedMoireClass"> obscures it
Build info: version: '3.141.59', revision: 'e82be7d358', time: '2018-11-14T08:25:48'
System info: host: 'DESKTOP-BUCLSCO', ip: '192.168.0.104', os.name: 'Windows 10', os.arch: 'amd64', os.version: '10.0', java.version: '11.0.7'
Driver info: org.openqa.selenium.firefox.FirefoxDriver
Capabilities {acceptInsecureCerts: true, browserName: firefox, browserVersion: 80.0.1, javascriptEnabled: true, moz:accessibilityChecks: false, moz:buildID: 20200831163820, moz:geckodriverVersion: 0.27.0, moz:headless: false, moz:processID: 7512, moz:profile: C:\Users\Sobhana\AppData\Lo..., moz:shutdownTimeout: 60000, moz:useNonSpecCompliantPointerOrigin: false, moz:webdriverClick: true, pageLoadStrategy: normal, platform: WINDOWS, platformName: WINDOWS, platformVersion: 10.0, rotatable: false, setWindowRect: true, strictFileInteractability: false, timeouts: {implicit: 0, pageLoad: 300000, script: 30000}, unhandledPromptBehavior: dismiss and notify}
Session ID: f08ffadf-7bec-45f6-91be-09069585e055]]>
            </message>
            <full-stacktrace>
              <![CDATA[org.openqa.selenium.ElementClickInterceptedException: Element <a id="logoutLink" class="logout" href="/logout.do"> is not clickable at point (1478,17) because another element <div id="preInsertedTransformedMoireId" class="transformedMoireClass"> obscures it
Build info: version: '3.141.59', revision: 'e82be7d358', time: '2018-11-14T08:25:48'
System info: host: 'DESKTOP-BUCLSCO', ip: '192.168.0.104', os.name: 'Windows 10', os.arch: 'amd64', os.version: '10.0', java.version: '11.0.7'
Driver info: org.openqa.selenium.firefox.FirefoxDriver
Capabilities {acceptInsecureCerts: true, browserName: firefox, browserVersion: 80.0.1, javascriptEnabled: true, moz:accessibilityChecks: false, moz:buildID: 20200831163820, moz:geckodriverVersion: 0.27.0, moz:headless: false, moz:processID: 7512, moz:profile: C:\Users\Sobhana\AppData\Lo..., moz:shutdownTimeout: 60000, moz:useNonSpecCompliantPointerOrigin: false, moz:webdriverClick: true, pageLoadStrategy: normal, platform: WINDOWS, platformName: WINDOWS, platformVersion: 10.0, rotatable: false, setWindowRect: true, strictFileInteractability: false, timeouts: {implicit: 0, pageLoad: 300000, script: 30000}, unhandledPromptBehavior: dismiss and notify}
Session ID: f08ffadf-7bec-45f6-91be-09069585e055
at java.base/jdk.internal.reflect.NativeConstructorAccessorImpl.newInstance0(Native Method)
at java.base/jdk.internal.reflect.NativeConstructorAccessorImpl.newInstance(NativeConstructorAccessorImpl.java:62)
at java.base/jdk.internal.reflect.DelegatingConstructorAccessorImpl.newInstance(DelegatingConstructorAccessorImpl.java:45)
at java.base/java.lang.reflect.Constructor.newInstance(Constructor.java:490)
at org.openqa.selenium.remote.http.W3CHttpResponseCodec.createException(W3CHttpResponseCodec.java:187)
at org.openqa.selenium.remote.http.W3CHttpResponseCodec.decode(W3CHttpResponseCodec.java:122)
at org.openqa.selenium.remote.http.W3CHttpResponseCodec.decode(W3CHttpResponseCodec.java:49)
at org.openqa.selenium.remote.HttpCommandExecutor.execute(HttpCommandExecutor.java:158)
at org.openqa.selenium.remote.service.DriverCommandExecutor.execute(DriverCommandExecutor.java:83)
at org.openqa.selenium.remote.RemoteWebDriver.execute(RemoteWebDriver.java:552)
at org.openqa.selenium.remote.RemoteWebElement.execute(RemoteWebElement.java:285)
at org.openqa.selenium.remote.RemoteWebElement.click(RemoteWebElement.java:84)
at java.base/jdk.internal.reflect.NativeMethodAccessorImpl.invoke0(Native Method)
at java.base/jdk.internal.reflect.NativeMethodAccessorImpl.invoke(NativeMethodAccessorImpl.java:62)
at java.base/jdk.internal.reflect.DelegatingMethodAccessorImpl.invoke(DelegatingMethodAccessorImpl.java:43)
at java.base/java.lang.reflect.Method.invoke(Method.java:566)
at org.openqa.selenium.support.pagefactory.internal.LocatingElementHandler.invoke(LocatingElementHandler.java:51)
at com.sun.proxy.$Proxy16.click(Unknown Source)
at com.ActiTime.ObjectRepository.ActiTimeLogOutPage.logOut(ActiTimeLogOutPage.java:18)
at Genericlibraray.BaseClass.logoutActiTime(BaseClass.java:71)
at java.base/jdk.internal.reflect.NativeMethodAccessorImpl.invoke0(Native Method)
at java.base/jdk.internal.reflect.NativeMethodAccessorImpl.invoke(NativeMethodAccessorImpl.java:62)
at java.base/jdk.internal.reflect.DelegatingMethodAccessorImpl.invoke(DelegatingMethodAccessorImpl.java:43)
at java.base/java.lang.reflect.Method.invoke(Method.java:566)
at org.testng.internal.MethodInvocationHelper.invokeMethod(MethodInvocationHelper.java:133)
at org.testng.internal.MethodInvocationHelper.invokeMethodConsideringTimeout(MethodInvocationHelper.java:62)
at org.testng.internal.ConfigInvoker.invokeConfigurationMethod(ConfigInvoker.java:340)
at org.testng.internal.ConfigInvoker.invokeConfigurations(ConfigInvoker.java:294)
at org.testng.internal.TestInvoker.runConfigMethods(TestInvoker.java:683)
at org.testng.internal.TestInvoker.runAfterGroupsConfigurations(TestInvoker.java:658)
at org.testng.internal.TestInvoker.invokeMethod(TestInvoker.java:642)
at org.testng.internal.TestInvoker.invokeTestMethod(TestInvoker.java:172)
at org.testng.internal.MethodRunner.runInSequence(MethodRunner.java:46)
at org.testng.internal.TestInvoker$MethodInvocationAgent.invoke(TestInvoker.java:804)
at org.testng.internal.TestInvoker.invokeTestMethods(TestInvoker.java:145)
at org.testng.internal.TestMethodWorker.invokeTestMethods(TestMethodWorker.java:146)
at org.testng.internal.TestMethodWorker.run(TestMethodWorker.java:128)
at java.base/java.util.concurrent.ThreadPoolExecutor.runWorker(ThreadPoolExecutor.java:1128)
at java.base/java.util.concurrent.ThreadPoolExecutor$Worker.run(ThreadPoolExecutor.java:628)
at java.base/java.lang.Thread.run(Thread.java:834)
]]>
            </full-stacktrace>
          </exception> <!-- org.openqa.selenium.ElementClickInterceptedException -->
          <reporter-output>
          </reporter-output>
        </test-method> <!-- logoutActiTime -->
        <test-method is-config="true" signature="closeBrowser()[pri:0, instance:TestScripts.Test_ActiTimeCheckTitle@28975c28]" started-at="2020-09-12T13:00:13 IST" name="closeBrowser" finished-at="1970-01-01T05:30:00 IST" duration-ms="-1599895813006" status="SKIP">
          <reporter-output>
          </reporter-output>
        </test-method> <!-- closeBrowser -->
      </class> <!-- TestScripts.Test_ActiTimeCheckTitle -->
    </test> <!-- Test2 -->
  </suite> <!-- Suite -->
</testng-results>
